0 1e-06 0 -0.001999999999999 -0
0.314159265358979 -1.46740110027193e-06 3.67095965723237e-06 -0.00199999999999758 0
0.628318530717959 3.30653197815714e-06 -1.07735404801103e-05 -0.00199999999998675 0
0.942477796076938 -8.23661622536527e-06 2.79472506507251e-05 -0.00199999999991654 0
1.25663706143592 2.08663074446273e-05 -7.12461122169663e-05 -0.00199999999946308 0
1.5707963267949 -5.30018687728964e-05 0.000181145996069712 -0.00199999999653452 0
1.88495559215388 0.00013468369354059 -0.000460381552482137 -0.00199999997762128 0
2.19911485751286 -0.000342268129398126 0.0011699827449546 -0.00199999985547534 0
2.51327412287183 0.000869805532815828 -0.00297328552380748 -0.00199999906662985 0
2.82743338823081 -0.00221043852112182 0.00755600806810859 -0.00199999397209838 0
3.14159265358979 0.00561738542026286 -0.0192018724150953 -0.00199996107082593 0
3.45575191894877 -0.0142753307840082 0.0487938955245938 -0.00199974860150687 -0
3.76991118430775 0.0362754941642812 -0.123936310270117 -0.00199837702863866 -0
4.08407044966673 -0.0921468111555334 0.313914715563488 -0.00198954412266001 -0
4.39822971502571 0.233513927017878 -0.780781403083951 -0.0019335261860494 -0
4.71238898038469 -0.582726235153148 1.72389095776237 -0.00161049500171809 -0
5.02654824574367 1.3166665607171 -1.55577587473585 -0.000454397668155542 -0
5.34070751110265 -1.56024904689362 -1.30396201670351 1.29121701265045e-05 0
5.65486677646163 0.497363062269929 2.80237159688142 -0.00160062171787871 0
5.96902604182061 0.200532957384652 -2.50928702196529 -0.00183399068556493 -0
6.28318530717959 -1.07926847252095 2.85043611756703 -0.000781447107544897 -0
6.59734457253857 1.99151479067977 2.60552570491236 0.000952608022358019 -0
6.91150383789754 0.557831610137463 -8.72104297298515 -0.000175678063302278 0
7.22566310325652 -3.48807811643444 -15.5456975400272 0.00671451831192967 0
7.5398223686155 -9.20981822719824 -16.537546622669 0.00742377893424677 -0
7.85398163397448 -13.8789251120696 -7.26868147099232 0.000545912453183282 -0
8.16814089933346 -13.776865489309 7.67454795603284 0.000472861036411001 0
8.48230016469244 -9.05686441641051 17.849066799812 0.00823794333301963 0
8.79645943005142 -2.56196606296441 24.9756200549847 0.0141489664003592 0
9.1106186954104 6.63578048030745 26.565085851805 0.0122371163835338 -0
9.42477796076938 14.1293696478381 15.9990922673994 0.00510382463900223 -0
9.73893722612836 16.6883066265809 14.6695622356749 0.00541739583471825 -0
10.0530964914873 23.3465274380331 28.8662295614468 0.0170926947060121 -0
10.3672557568463 34.8254935719965 38.618250765838 0.0317560042735108 -0
10.6814150222053 47.6110900181221 44.3746880877837 0.0411495529583995 -0
10.9955742875643 62.7069323923804 49.0301336214364 0.0460946649519568 -0
11.3097335529233 78.4176315360482 49.0514573344762 0.0501059987704584 0
11.6238928182822 93.5268719943531 53.278358231473 0.0552692552103361 -0
11.9380520836412 111.893411299112 65.7938399946916 0.0858591927490728 -0
12.2522113490002 134.86636087011 71.3949281439952 0.103895579088397 0
12.5663706143592 156.752167651262 72.1908711468066 0.102336716052882 -0
12.8805298797182 180.225222960321 81.900066213326 0.134961275306842 0
13.1946891450771 208.211496920122 83.0984149083634 0.136811755549364 -0
13.5088484104361 232.437496920535 77.4306493212345 0.117911737749876 0
13.8230076757951 256.862608734178 83.0895557388017 0.136611368939279 0
14.1371669411541 284.644204500347 81.001543189058 0.131873217252372 -0
14.451326206513 307.757379336614 74.5016060270638 0.109023859336111 0
14.765485471872 331.4549441354 83.2845490648167 0.138692485509641 0
15.079644737231 360.086604836527 83.8270498664772 0.14127062743184 -0
15.39380400259 384.125032941926 70.6123723823292 0.098403272401596 -0
15.707963267949 404.453666902302 59.0098539792115 0.071019665702067 -0
16.0221225333079 421.202017692026 51.5318166776569 0.0511625943402768 0
16.3362817986669 436.832062242434 50.9309681822274 0.053856607843604 -0
16.6504410640259 453.202888788326 46.4022506802036 0.0416895267774093 0
16.9646003293849 465.987456211826 33.9542921856273 0.0220312323981954 0
17.2787595947439 474.536999765967 28.4382495844081 0.0181502356582651 -0
17.5929188601028 483.855735406892 29.2662600813014 0.0151328259356837 0
17.9070781254618 492.92553329986 26.5152125548909 0.0159691159129396 0
18.2212373908208 500.515734801056 30.7798597417785 0.0200243843436665 -0
18.5353966561798 512.265089548519 38.8478299738907 0.0321487709728919 -0
18.8495559215388 524.924546251832 42.4560218230821 0.0379731733629091 0
19.1637151868978 538.940994800528 52.3720728937651 0.0545422804784219 0
19.4778744522567 557.830890143096 67.8286344941013 0.0916206748749496 0
19.7920337176157 581.558982766467 78.3275086592972 0.124572689223792 0
20.1061929829747 607.045515298704 86.2939156855226 0.150438868460335 0
20.4203522483337 635.779049079894 84.207844755472 0.141052443686494 -0
20.7345115136927 659.954864590388 75.2369174216429 0.111260257911275 -0
21.0486707790516 683.051798490009 81.1400191718981 0.132158397838559 0
21.3628300444106 710.936642218902 82.4329768945445 0.134719018133165 -0
21.6769893097696 734.845965415097 78.3268718504426 0.120783621261259 0
21.9911485751286 760.150867255706 81.4457499267645 0.130681312106317 -0
22.3053078404876 786.019839342304 77.7693495881036 0.119335627644687 0
22.6194671058465 809.014790723794 81.0374457696186 0.131232041983488 -0
22.9336263712055 836.937168201407 81.3701934957705 0.131836338099303 0
23.2477856365645 860.141191145293 78.6462448583709 0.122118779495964 -0
23.5619449019235 886.352061217303 80.2082284016031 0.126843419882072 0
23.8761041672825 910.537507366079 80.9168482312072 0.129219439649866 -0
24.1902634326415 937.193616408263 78.2443555568497 0.121361306000207 0
24.5044226980004 959.699885886532 79.4810543774008 0.126458039014572 -0
24.8185819633594 987.133035714586 82.4271222889849 0.134320627713209 0
25.1327412287184 1011.49037425446 78.335129857839 0.120738340308823 0
25.4469004940774 1036.35244941046 82.0014422627121 0.132622346098548 0
25.7610597594364 1063.01339997372 77.6793951098693 0.119874083393668 -0
26.0752190247953 1085.15985281296 78.0835315120352 0.122455709440057 0
26.3893782901543 1112.07472976663 86.0579513268139 0.146121827074321 0
26.7035375555133 1139.23165834722 79.2224768291852 0.126310806671097 -0
27.0176968208723 1161.85168000778 76.0236130774721 0.113873916498759 0
27.3318560862313 1186.99870321593 83.9705543740759 0.139288750363026 0
27.6460153515902 1214.61193535567 80.6206517943199 0.130747455697452 -0
27.9601746169492 1237.65415269686 74.3899049634923 0.108694915846258 0
28.2743338823082 1261.35249114258 83.2880994590164 0.138732068786713 -0
28.5884931476672 1289.98560897524 83.7965889871354 0.141145329227474 0
28.9026524130262 1314.00344081415 70.7210038207543 0.0986614225009271 0
29.2168116783851 1334.42092618679 59.603189343493 0.0725060417992829 0
29.5309709437441 1351.45322916856 49.9879076978329 0.0482902789190773 0
29.8451302091031 1365.82925490516 40.3293626747415 0.0339739222507121 0
30.1592894744621 1376.79291506915 29.4009899496802 0.0158599879379951 0
30.4734487398211 1384.302441712 16.7674421757953 0.00645827941642769 0
30.7876080051801 1387.32820970094 17.0987266211614 0.00522759504709255 -0
31.101767270539 1395.04588849975 23.1696972136348 0.00876856406606489 0
31.415926535898 1401.88615981139 16.5016098488211 0.00396352320191706 -0
31.730085801257 1405.41415575444 18.3069780333096 0.00757023987531381 0
32.044245066616 1413.38877335117 27.9135695632578 0.0136899191954143 0
32.358404331975 1422.95276876952 28.9698508156178 0.0187495417286709 -0
32.6725635973339 1431.59106745076 33.9981187511786 0.0219954077378614 0
32.9867228626929 1444.31441679044 46.2324514746988 0.0413817246956926 0
33.3008821280519 1460.63977343283 50.3986407269517 0.0527602702168187 -0
33.6150413934109 1475.98081668218 53.0553000799203 0.0546110503350369 0
33.9292006587699 1493.97540162584 65.0465546968522 0.0843259773602965 0
34.2433599241288 1516.85077235757 68.7868004786307 0.0963494574466202 -0
34.5575191894878 1537.19542303537 71.1776676174491 0.102477785963396 -0
34.8716784548468 1561.5730198949 79.1679677806438 0.127310888976033 -0
35.1858377202058 1586.93812423123 84.0410783655991 0.143072778495988 -0
35.4999969855648 1614.37758677353 90.4085077454167 0.161632652245032 -0
35.8141562509238 1643.74346498223 98.4769162134221 0.195495906724025 -0
36.1283155162827 1676.25245807838 111.15619889283 0.246691660118287 -0
36.4424747816417 1713.58496455077 126.594299018265 0.320828774931892 -0
36.7566340470007 1755.7940020348 131.616063480823 0.348330157036019 0
37.0707933123597 1796.28177617592 133.991440888876 0.357556386663215 -0
37.3849525777187 1839.98330730288 145.672373669317 0.423311408722973 -0
37.6991118430776 1887.81042796602 150.017009699873 0.452020396431549 -0
38.0132711084366 1934.24177442021 154.315213994539 0.475148498204063 0
38.3274303737956 1984.7695364905 165.996041583199 0.549586182477028 0
38.6415896391546 2038.54016337276 168.438532181085 0.569307137701091 -0
38.9557489045136 2090.60258754681 173.510249283111 0.602370091493591 0
39.2699081698725 2147.55986826684 188.845961987277 0.71270075770569 0
39.5840674352315 2209.25800491467 201.560428854519 0.814037889389998 0
39.8982267005905 2274.20402077559 209.118485372457 0.872705578938546 0
40.2123859659495 2340.65102438986 212.79352291367 0.907594669426722 0
40.5265452313085 2407.906134439 206.286604656662 0.850834640987275 -0
40.8407044966674 2470.26472073453 192.002081557975 0.736170168230393 0
41.1548637620264 2528.5446002183 182.183172668338 0.665625807366171 0
41.4690230273854 2584.73378410704 173.238232593579 0.601627459126371 0
41.7831822927444 2637.39339198567 175.471991172809 0.615755681233635 -0
42.0973415581034 2694.98608778289 187.091462522295 0.698309534164998 -0
42.4115008234624 2754.94642482756 189.066607727241 0.716870824286089 0
42.7256600888213 2813.7801409579 194.225707333079 0.753542003090436 -0
43.0398193541803 2876.98203588673 206.33795955933 0.849999293016064 -0
43.3539786195393 2943.42610453956 209.58377398306 0.880446851669508 0
43.6681378848983 3008.66740481809 214.185024493063 0.916387722271338 -0
43.9822971502573 3078.00252443083 226.101494691672 1.02098567288894 0
44.2964564156162 3150.7311637559 229.284689799549 1.05334798839271 -0
44.6106156809752 3222.06634384181 234.408897281956 1.09824031677303 0
44.9247749463342 3298.01461768332 246.55179398908 1.2141729033598 0
45.2389342116932 3376.9794047869 249.541568540874 1.24736598421611 -0
45.5530934770522 3454.80620938197 254.099303857549 1.29015878915803 0
45.8672527424111 3536.63470604313 266.094749942436 1.41473292966531 0
46.1814120077701 3621.99847169757 269.71846260719 1.45689485833363 -0
46.4955712731291 3706.10381417599 274.218653368485 1.50279591709042 0
46.8097305384881 3794.29513307751 286.068321879154 1.63523667277111 0
47.1238898038471 3885.84584186405 289.061924581671 1.67304405630661 0
47.4380490692061 3975.91809681717 294.351380391674 1.73239369846627 -0
47.752208334565 4070.79226870655 307.124133339641 1.88499030441374 -0
48.066367599924 4168.88988102516 312.226357199689 1.95170594985681 0
48.380526865283 4266.96987471368 307.216848941964 1.88609760603894 0
48.694686130642 4361.91992016418 294.510379865465 1.73436630732703 0
49.008845396001 4452.01620387194 289.694304131686 1.68031356079401 -0
49.3230046613599 4543.94021969356 285.290887510723 1.62708795718169 0
49.6371639267189 4631.2697551399 273.792096825496 1.49755005945269 0
49.9513231920779 4715.96886769314 272.938846627144 1.49172323340524 -0
50.2654824574369 4802.76229022852 271.017645787231 1.47049779188771 -0
50.5796417227959 4886.25427669282 272.681596381232 1.48805177070226 0
50.8938009881548 4974.0931902206 285.997709620659 1.63705387644557 0
51.2079602535138 5065.95193739037 284.611672518742 1.62034285219288 -0
51.5221195188728 5152.91997812276 271.720147027677 1.4751174720862 -0
51.8362787842318 5236.67874093727 263.873526371432 1.39445920701903 -0
52.1504380495908 5318.71660450782 261.136530667896 1.36584575292675 0
52.4645973149497 5400.75566220331 263.889675818177 1.39462849566714 0
52.7787565803087 5484.52337788954 271.68493048653 1.47472099387211 0
53.0929158456677 5571.46033854481 284.48969312064 1.61899495353869 0
53.4070751110267 5663.2735238755 285.566113397111 1.63201018865854 0
53.7212343763857 5750.88681933732 271.186653380015 1.47124423306219 0
54.0353936417447 5833.66512347755 261.378202292484 1.36829753018023 0
54.3495529071036 5915.11558736344 255.476208859145 1.30711378067912 0
54.6637121724626 5994.18555966133 251.477260937946 1.26281697232114 0
54.9778714378216 6073.12341046494 254.503991032959 1.29726786226216 -0
55.2920307031806 6154.09513336901 255.533735620186 1.3078691943723 0
55.6061899685396 6233.67999177869 247.914744894121 1.22778497289475 0
55.9203492338985 6309.8645616242 234.651351443713 1.10117657323829 0
56.2345084992575 6381.11578414879 230.845139278507 1.0675038469463 -0
56.5486677646165 6454.90884035906 228.023586513249 1.04086576788535 -0
56.8628270299755 6524.38722899583 216.092627104047 0.935449235737629 -0
57.1769862953345 6590.68384232006 213.923961491837 0.913410081050095 0
57.4911455606934 6658.79961816575 224.525913765691 1.00785217008377 0
57.8053048260524 6731.75763456542 227.32205931737 1.03506725929879 -0
58.1194640914114 6801.63028047582 223.056296314948 0.997075475867026 0
58.4336233567704 6871.90803893342 231.141647432681 1.06916952919963 0
58.7477826221294 6946.86086077845 244.213627013894 1.19420003769265 0
59.0619418874884 7025.35198624009 244.486764617421 1.19401329229754 -0
59.3761011528473 7100.47642550285 235.522429481318 1.10763956931139 -0
59.6902604182063 7173.33509308292 238.83975781993 1.14183290399715 -0
60.0044196835653 7250.54387121331 247.721292395075 1.225379929437 -0
60.3185789489243 7328.98297154815 246.966466690026 1.22172560772703 0
60.6327382142833 7405.71747870059 250.791915332086 1.25903976389962 -0
60.9468974796422 7486.56017930554 258.464261661343 1.33805453592347 -0
61.2610567450012 7568.11536383075 259.744772298609 1.35134658649388 -0
61.5752160103602 7649.76263299788 259.769766610436 1.35160639331783 0
61.8893752757192 7731.33352191236 258.66122951085 1.34009677839301 0
62.2035345410782 7812.28427667784 251.739358928323 1.26876403759126 0
62.5176938064371 7889.50602603809 252.269184109523 1.27393057759452 -0
62.8318530717961 7970.78967978295 262.966329770286 1.38471056546676 0
